<?xml version="1.0" encoding="UTF-8"?>
<!-- Generated by org.testng.reporters.JUnitReportReporter -->
<testsuite hostname="monesh-Lenovo-ideapad-330S-15IKB-D" failures="0" tests="1" name="pract.sel" time="20.565" errors="0" timestamp="2020-01-12T21:46:31 IST" skipped="0">
  <testcase classname="pract.sel" name="testing" time="20.565"/>
</testsuite> <!-- pract.sel -->
